--- Startup times for process: Primary (or UI client) ---

times in msec
 clock   self+sourced   self:  sourced script
 clock   elapsed:              other lines

000.004  000.004: --- NVIM STARTING ---
000.244  000.241: event init
000.411  000.167: early init
000.498  000.086: locale set
000.592  000.095: init first window
001.230  000.638: inits 1
001.246  000.017: window checked
001.250  000.004: parsing arguments
002.689  000.090  000.090: require('vim.shared')
002.870  000.075  000.075: require('vim.inspect')
003.013  000.129  000.129: require('vim._options')
003.026  000.330  000.127: require('vim._editor')
003.030  000.505  000.085: require('vim._init_packages')
003.035  001.280: init lua interpreter
006.569  003.534: nvim_ui_attach
007.075  000.505: nvim_set_client_info
007.081  000.006: --- NVIM STARTED ---

--- Startup times for process: Embedded ---

times in msec
 clock   self+sourced   self:  sourced script
 clock   elapsed:              other lines

000.004  000.004: --- NVIM STARTING ---
000.261  000.257: event init
000.693  000.432: early init
000.786  000.093: locale set
000.872  000.087: init first window
001.574  000.701: inits 1
001.601  000.027: window checked
001.605  000.003: parsing arguments
002.432  000.069  000.069: require('vim.shared')
002.638  000.082  000.082: require('vim.inspect')
002.720  000.059  000.059: require('vim._options')
002.730  000.290  000.150: require('vim._editor')
002.732  000.398  000.039: require('vim._init_packages')
002.735  000.732: init lua interpreter
003.028  000.293: expanding arguments
003.089  000.061: inits 2
003.568  000.479: init highlight
003.570  000.002: waiting for UI
003.837  000.267: done waiting for UI
003.846  000.009: clear screen
004.728  000.667  000.667: require('vim.keymap')
006.247  000.293  000.293: sourcing nvim_exec2()
008.042  001.613  001.613: require('vim.termcap')
008.115  000.048  000.048: require('vim.text')
008.272  004.421  001.800: require('vim._defaults')
008.275  000.008: init default mappings & autocommands
008.421  000.099  000.099: sourcing /opt/neovim/share/nvim/runtime/ftplugin.vim
008.536  000.035  000.035: sourcing /opt/neovim/share/nvim/runtime/indent.vim
009.409  000.546  000.546: require('config.options')
012.647  000.016  000.016: require('vim.F')
012.829  002.449  002.433: require('vim.diagnostic')
013.014  003.597  001.148: require('config.keymaps')
014.056  000.817  000.817: require('lazy')
014.145  000.044  000.044: require('ffi')
014.284  000.078  000.078: require('vim.fs')
014.644  000.350  000.350: require('vim.uri')
014.698  000.546  000.118: require('vim.loader')
015.313  000.566  000.566: require('lazy.stats')
015.738  000.384  000.384: require('lazy.core.util')
016.078  000.335  000.335: require('lazy.core.config')
017.024  000.696  000.696: require('lazy.core.handler')
017.462  000.104  000.104: require('lazy.pkg')
017.470  000.257  000.153: require('lazy.core.meta')
017.483  000.453  000.196: require('lazy.core.plugin')
017.492  001.410  000.261: require('lazy.core.loader')
018.712  000.165  000.165: require('lazy.core.fragments')
024.127  000.150  000.150: require('lazy.core.handler.event')
024.135  000.314  000.164: require('lazy.core.handler.ft')
024.314  000.169  000.169: require('lazy.core.handler.cmd')
024.787  000.459  000.459: require('lazy.core.handler.keys')
025.577  000.017  000.017: sourcing nvim_exec2() called at /home/ashu/.config/nvim/init.lua:0
025.611  000.003  000.003: sourcing nvim_exec2() called at /home/ashu/.config/nvim/init.lua:0
026.471  000.229  000.229: sourcing nvim_exec2() called at /opt/neovim/share/nvim/runtime/filetype.lua:0
026.478  000.371  000.142: sourcing /opt/neovim/share/nvim/runtime/filetype.lua
026.485  000.426  000.055: sourcing nvim_exec2() called at /home/ashu/.config/nvim/init.lua:0
026.683  000.004  000.004: sourcing nvim_exec2() called at /home/ashu/.config/nvim/init.lua:0
026.699  000.002  000.002: sourcing nvim_exec2() called at /home/ashu/.config/nvim/init.lua:0
027.453  000.206  000.206: require('tokyonight.config')
027.460  000.751  000.545: require('tokyonight')
029.491  000.421  000.421: require('tokyonight.util')
029.503  000.630  000.209: require('tokyonight.theme')
029.951  000.139  000.139: require('tokyonight.colors')
030.286  000.112  000.112: require('tokyonight.colors.storm')
030.680  000.189  000.189: require('tokyonight.hsluv')
031.701  000.182  000.182: require('tokyonight.groups')
033.310  004.730  003.478: sourcing /home/ashu/.local/share/nvim/lazy/tokyonight.nvim/colors/tokyonight.lua
033.328  005.801  001.071: sourcing nvim_exec2() called at /home/ashu/.config/nvim/init.lua:0
033.695  000.176  000.176: sourcing /home/ashu/.local/share/nvim/lazy/vim-tmux-navigator/plugin/tmux_navigator.vim
033.704  000.235  000.059: sourcing nvim_exec2() called at /home/ashu/.config/nvim/init.lua:0
033.720  000.006  000.006: sourcing nvim_exec2() called at /home/ashu/.config/nvim/init.lua:0
033.763  000.002  000.002: sourcing nvim_exec2() called at /home/ashu/.config/nvim/init.lua:0
034.951  000.129  000.129: require('nvim-treesitter.utils')
036.800  000.214  000.214: require('vim.treesitter.language')
036.889  000.082  000.082: require('vim.func')
036.992  000.093  000.093: require('vim.func._memoize')
037.129  000.829  000.439: require('vim.treesitter.query')
037.268  000.134  000.134: require('vim.treesitter._range')
037.311  001.195  000.233: require('vim.treesitter.languagetree')
037.324  001.530  000.335: require('vim.treesitter')
038.448  003.489  001.959: require('nvim-treesitter.parsers')
039.251  000.134  000.134: require('nvim-treesitter.compat')
039.974  000.431  000.431: require('nvim-treesitter.ts_utils')
040.009  000.752  000.321: require('nvim-treesitter.tsrange')
040.207  000.196  000.196: require('nvim-treesitter.caching')
040.238  001.467  000.386: require('nvim-treesitter.query')
040.280  001.704  000.237: require('nvim-treesitter.configs')
040.297  001.845  000.142: require('nvim-treesitter.info')
040.492  000.193  000.193: require('nvim-treesitter.shell_command_selectors')
040.533  006.023  000.368: require('nvim-treesitter.install')
040.606  000.070  000.070: require('nvim-treesitter.statusline')
040.685  000.076  000.076: require('nvim-treesitter.query_predicates')
040.689  006.517  000.348: require('nvim-treesitter')
040.797  000.101  000.101: require('vim.iter')
041.906  007.836  001.218: sourcing /home/ashu/.local/share/nvim/lazy/nvim-treesitter/plugin/nvim-treesitter.lua
041.921  007.900  000.064: sourcing nvim_exec2() called at /home/ashu/.config/nvim/init.lua:0
041.934  000.004  000.004: sourcing nvim_exec2() called at /home/ashu/.config/nvim/init.lua:0
041.956  000.002  000.002: sourcing nvim_exec2() called at /home/ashu/.config/nvim/init.lua:0
044.565  000.110  000.110: require('nvim-treesitter.locals')
044.577  000.220  000.111: require('nvim-treesitter.incremental_selection')
044.796  000.164  000.164: require('nvim-treesitter.indent')
044.953  000.072  000.072: require('nvim-treesitter.highlight')
045.542  000.054  000.054: sourcing /home/ashu/.local/share/nvim/lazy/nvim-web-devicons/plugin/nvim-web-devicons.vim
045.560  000.119  000.066: sourcing nvim_exec2() called at /home/ashu/.config/nvim/init.lua:0
045.593  000.006  000.006: sourcing nvim_exec2() called at /home/ashu/.config/nvim/init.lua:0
045.611  000.002  000.002: sourcing nvim_exec2() called at /home/ashu/.config/nvim/init.lua:0
045.635  000.002  000.002: sourcing nvim_exec2() called at /home/ashu/.config/nvim/init.lua:0
045.647  000.001  000.001: sourcing nvim_exec2() called at /home/ashu/.config/nvim/init.lua:0
052.234  005.491  005.491: require('nvim-tree.log')
052.770  000.074  000.074: require('nvim-tree.notify')
052.780  000.198  000.125: require('nvim-tree.events')
052.969  000.187  000.187: require('nvim-tree.utils')
053.007  000.752  000.367: require('nvim-tree.view')
053.618  000.092  000.092: require('nvim-tree.core')
053.782  000.072  000.072: require('nvim-tree.git.utils')
053.838  000.054  000.054: require('nvim-tree.renderer.components.devicons')
053.958  000.052  000.052: require('nvim-tree.classic')
053.966  000.125  000.073: require('nvim-tree.node')
053.973  000.349  000.099: require('nvim-tree.node.directory')
054.086  000.110  000.110: require('nvim-tree.iterators.node-iterator')
054.091  000.938  000.387: require('nvim-tree.actions.finders.find-file')
054.185  000.092  000.092: require('nvim-tree.actions.finders.search-node')
054.188  001.097  000.067: require('nvim-tree.actions.finders')
054.499  000.093  000.093: require('nvim-tree.node.file')
054.505  000.159  000.066: require('nvim-tree.actions.fs.create-file')
054.702  000.093  000.093: require('nvim-tree.lib')
054.838  000.063  000.063: require('nvim-tree.node.link')
054.847  000.142  000.079: require('nvim-tree.node.directory-link')
054.855  000.348  000.113: require('nvim-tree.actions.fs.remove-file')
054.938  000.081  000.081: require('nvim-tree.actions.fs.rename-file')
055.047  000.106  000.106: require('nvim-tree.actions.fs.trash')
055.124  000.933  000.239: require('nvim-tree.actions.fs')
055.476  000.157  000.157: require('nvim-tree.diagnostics')
055.483  000.238  000.082: require('nvim-tree.actions.moves.item')
055.569  000.083  000.083: require('nvim-tree.actions.moves.parent')
055.635  000.064  000.064: require('nvim-tree.actions.moves.sibling')
055.638  000.512  000.127: require('nvim-tree.actions.moves')
055.786  000.078  000.078: require('nvim-tree.actions.node.file-popup')
056.008  000.091  000.091: require('nvim-tree.renderer.components.full-name')
056.014  000.225  000.134: require('nvim-tree.actions.node.open-file')
056.076  000.060  000.060: require('nvim-tree.actions.node.run-command')
056.146  000.068  000.068: require('nvim-tree.actions.node.system-open')
056.227  000.078  000.078: require('nvim-tree.actions.node.buffer')
056.230  000.590  000.081: require('nvim-tree.actions.node')
056.369  000.077  000.077: require('nvim-tree.actions.root.change-dir')
056.543  000.118  000.118: require('nvim-tree.actions.root.dir-up')
056.557  000.326  000.131: require('nvim-tree.actions.root')
056.696  000.067  000.067: require('nvim-tree.actions.tree.find-file')
056.843  000.081  000.081: require('nvim-tree.actions.tree.modifiers.collapse')
056.958  000.112  000.112: require('nvim-tree.actions.tree.modifiers.expand')
056.967  000.269  000.075: require('nvim-tree.actions.tree.modifiers')
057.106  000.137  000.137: require('nvim-tree.actions.tree.open')
057.199  000.090  000.090: require('nvim-tree.actions.tree.toggle')
057.316  000.109  000.109: require('nvim-tree.actions.tree.resize')
057.319  000.759  000.087: require('nvim-tree.actions.tree')
057.321  004.311  000.093: require('nvim-tree.actions')
057.509  011.856  001.302: require('nvim-tree')
057.721  000.170  000.170: require('nvim-tree.legacy')
058.092  000.035  000.035: sourcing nvim_exec2() called at /home/ashu/.config/nvim/init.lua:0
058.119  000.020  000.020: sourcing nvim_exec2() called at /home/ashu/.config/nvim/init.lua:0
058.417  000.217  000.217: require('nvim-tree.keymap')
058.824  000.395  000.395: require('nvim-tree.appearance')
060.059  000.226  000.226: require('nvim-tree.buffers')
060.442  000.199  000.199: require('nvim-tree.git.runner')
060.679  000.234  000.234: require('nvim-tree.watcher')
060.697  000.633  000.200: require('nvim-tree.git')
060.951  000.154  000.154: require('nvim-tree.node.file-link')
060.960  000.260  000.105: require('nvim-tree.node.factory')
061.069  000.106  000.106: require('nvim-tree.node.root')
061.383  000.135  000.135: require('nvim-tree.enum')
061.422  000.349  000.215: require('nvim-tree.explorer.filters')
061.660  000.236  000.236: require('nvim-tree.marks')
061.840  000.176  000.176: require('nvim-tree.explorer.live-filter')
062.001  000.159  000.159: require('nvim-tree.explorer.sorter')
062.201  000.197  000.197: require('nvim-tree.actions.fs.clipboard')
063.711  000.227  000.227: require('nvim-tree.renderer.decorator')
063.721  000.878  000.651: require('nvim-tree.renderer.decorator.bookmarks')
063.902  000.178  000.178: require('nvim-tree.renderer.decorator.copied')
064.156  000.251  000.251: require('nvim-tree.renderer.decorator.cut')
064.801  000.641  000.641: require('nvim-tree.renderer.decorator.diagnostics')
065.832  001.028  001.028: require('nvim-tree.renderer.decorator.git')
066.369  000.531  000.531: require('nvim-tree.renderer.decorator.hidden')
066.644  000.271  000.271: require('nvim-tree.renderer.decorator.modified')
066.731  000.084  000.084: require('nvim-tree.renderer.decorator.opened')
067.026  000.292  000.292: require('nvim-tree.renderer.decorator.user')
067.213  000.176  000.176: require('nvim-tree.renderer.components.padding')
067.232  004.909  000.578: require('nvim-tree.renderer.builder')
067.248  005.045  000.136: require('nvim-tree.renderer')
067.316  007.748  000.362: require('nvim-tree.explorer')
067.441  000.122  000.122: require('nvim-tree.explorer.watch')
067.587  000.108  000.108: require('nvim-tree.renderer.components')
067.869  000.163  000.163: require('nvim-web-devicons.filetypes')
068.250  000.303  000.303: require('nvim-web-devicons.default.icons_by_filename')
068.795  000.543  000.543: require('nvim-web-devicons.default.icons_by_file_extension')
069.062  000.264  000.264: require('nvim-web-devicons.default.icons_by_operating_system')
069.129  000.063  000.063: require('nvim-web-devicons.default.icons_by_desktop_environment')
069.317  000.186  000.186: require('nvim-web-devicons.default.icons_by_window_manager')
069.325  001.430  000.071: require('nvim-web-devicons.icons-default')
069.870  002.279  000.686: require('nvim-web-devicons')
074.068  000.119  000.119: require('nvim-tree.help')
074.239  000.066  000.066: require('nvim-tree.appearance.hi-test')
074.287  000.211  000.146: require('nvim-tree.api')
074.474  000.083  000.083: require('nvim-tree.commands')
075.413  000.087  000.087: sourcing /home/ashu/.local/share/nvim/lazy/mason-tool-installer.nvim/plugin/mason-tool-installer.lua
075.426  000.159  000.072: sourcing nvim_exec2() called at /home/ashu/.config/nvim/init.lua:0
075.439  000.004  000.004: sourcing nvim_exec2() called at /home/ashu/.config/nvim/init.lua:0
075.455  000.002  000.002: sourcing nvim_exec2() called at /home/ashu/.config/nvim/init.lua:0
075.782  000.005  000.005: sourcing nvim_exec2() called at /home/ashu/.config/nvim/init.lua:0
075.796  000.001  000.001: sourcing nvim_exec2() called at /home/ashu/.config/nvim/init.lua:0
076.483  000.050  000.050: require('mason-core.path')
076.671  000.046  000.046: require('mason-core.functional.data')
076.729  000.054  000.054: require('mason-core.functional.function')
076.835  000.098  000.098: require('mason-core.functional.list')
076.915  000.069  000.069: require('mason-core.functional.relation')
076.981  000.061  000.061: require('mason-core.functional.logic')
077.147  000.138  000.138: require('mason-core.functional.number')
077.278  000.093  000.093: require('mason-core.functional.string')
077.357  000.071  000.071: require('mason-core.functional.table')
077.426  000.064  000.064: require('mason-core.functional.type')
077.430  000.872  000.179: require('mason-core.functional')
077.484  000.996  000.124: require('mason-core.platform')
077.637  000.150  000.150: require('mason.settings')
077.643  001.275  000.079: require('mason-core.installer.InstallLocation')
077.992  000.177  000.177: require('mason-core.log')
077.998  000.239  000.062: require('mason-core.EventEmitter')
078.105  000.105  000.105: require('mason-registry.sources')
078.112  000.466  000.122: require('mason-registry')
078.115  002.046  000.304: require('mason')
078.542  000.186  000.186: require('mason.api.command')
078.674  000.016  000.016: sourcing nvim_exec2() called at /home/ashu/.config/nvim/init.lua:0
078.689  000.002  000.002: sourcing nvim_exec2() called at /home/ashu/.config/nvim/init.lua:0
079.353  000.008  000.008: sourcing nvim_exec2() called at /home/ashu/.config/nvim/init.lua:0
079.381  000.002  000.002: sourcing nvim_exec2() called at /home/ashu/.config/nvim/init.lua:0
079.728  000.004  000.004: sourcing nvim_exec2() called at /home/ashu/.config/nvim/init.lua:0
079.742  000.001  000.001: sourcing nvim_exec2() called at /home/ashu/.config/nvim/init.lua:0
080.840  000.119  000.119: require('fidget.spinner.patterns')
080.847  000.183  000.064: require('fidget.spinner')
081.009  000.097  000.097: require('fidget.health')
081.013  000.158  000.062: require('fidget.options')
081.050  000.459  000.118: require('fidget.progress.display')
081.338  000.127  000.127: require('fidget.logger')
082.244  000.390  000.390: require('vim.lsp.log')
083.724  001.472  001.472: require('vim.lsp.protocol')
084.531  000.797  000.797: require('vim.lsp.util')
085.043  000.201  000.201: require('vim.lsp.sync')
085.091  000.551  000.349: require('vim.lsp._changetracking')
085.615  000.235  000.235: require('vim.lsp._transport')
085.648  000.552  000.317: require('vim.lsp.rpc')
085.857  004.511  000.750: require('vim.lsp')
086.543  000.399  000.399: require('vim.lsp.completion')
086.701  000.838  000.439: require('vim.lsp.handlers')
086.731  005.679  000.203: require('fidget.progress.lsp')
087.655  000.212  000.212: require('fidget.poll')
087.667  000.554  000.342: require('fidget.notification.model')
087.968  000.298  000.298: require('fidget.notification.window')
088.187  000.216  000.216: require('fidget.notification.view')
088.305  001.355  000.287: require('fidget.notification')
088.311  001.509  000.154: require('fidget.progress.handle')
088.339  007.850  000.202: require('fidget.progress')
088.630  000.287  000.287: require('fidget.commands')
088.824  000.073  000.073: require('fidget.integration.nvim-tree')
089.459  000.633  000.633: require('fidget.integration.xcodebuild-nvim')
089.484  000.851  000.145: require('fidget.integration')
089.521  009.505  000.517: require('fidget')
091.126  001.113  001.113: require('lazydev')
091.544  000.412  000.412: require('lazydev.config')
091.834  000.259  000.259: require('lazydev.util')
094.142  001.844  001.844: require('lspconfig.util')
094.188  002.114  000.270: sourcing /home/ashu/.local/share/nvim/lazy/nvim-lspconfig/plugin/lspconfig.lua
094.199  002.179  000.065: sourcing nvim_exec2() called at /home/ashu/.config/nvim/init.lua:0
094.216  000.007  000.007: sourcing nvim_exec2() called at /home/ashu/.config/nvim/init.lua:0
094.247  000.002  000.002: sourcing nvim_exec2() called at /home/ashu/.config/nvim/init.lua:0
094.934  000.081  000.081: require('cmp_nvim_lsp.source')
094.943  000.307  000.226: require('cmp_nvim_lsp')
095.428  000.117  000.117: require('mason.version')
095.449  000.284  000.167: require('mason-tool-installer')
095.711  000.077  000.077: require('mason-lspconfig.settings')
095.725  000.197  000.120: require('mason-lspconfig')
098.709  000.168  000.168: require('mason-core.async')
098.922  000.111  000.111: require('mason-core.async.control')
099.001  000.076  000.076: require('mason-core.result')
099.166  000.083  000.083: require('mason-core.async.uv')
099.177  000.173  000.089: require('mason-core.fs')
099.211  000.491  000.132: require('mason-registry.installer')
099.630  000.120  000.120: require('mason-core.optional')
099.953  000.142  000.142: require('mason-core.process')
100.055  000.099  000.099: require('mason-core.spawn')
100.072  000.327  000.087: require('mason-core.installer.managers.powershell')
100.082  000.445  000.118: require('mason-core.fetch')
100.144  000.060  000.060: require('mason-core.providers')
100.643  000.154  000.154: require('mason-core.purl')
100.660  000.371  000.217: require('mason-core.package.AbstractPackage')
101.068  000.103  000.103: require('mason-core.installer.compiler.expr')
101.086  000.209  000.106: require('mason-core.installer.compiler.link')
101.566  000.087  000.087: require('mason-core.installer.context.InstallContextCwd')
101.652  000.080  000.080: require('mason-core.installer.context.InstallContextFs')
101.741  000.086  000.086: require('mason-core.installer.context.InstallContextSpawn')
101.829  000.076  000.076: require('mason-core.receipt')
101.920  000.573  000.243: require('mason-core.installer.context')
101.923  000.672  000.099: require('mason-core.installer')
101.945  000.784  000.111: require('mason-core.installer.managers.std')
101.948  000.858  000.074: require('mason-core.installer.compiler.schemas')
102.028  000.078  000.078: require('mason-core.installer.compiler.util')
102.042  001.259  000.114: require('mason-core.installer.compiler')
102.127  000.083  000.083: require('mason-core.installer.linker')
102.132  001.470  000.128: require('mason-core.installer.InstallRunner')
102.216  000.081  000.081: require('mason-core.installer.UninstallRunner')
102.226  002.024  000.102: require('mason-core.package')
102.230  002.084  000.060: require('mason-registry.sources.util')
102.243  002.898  000.189: require('mason-registry.sources.github')
109.057  000.104  000.104: require('mason-lspconfig.mappings')
109.069  000.286  000.181: require('mason-lspconfig.features.automatic_enable')
126.740  000.099  000.099: require('mason-lspconfig.notify')
126.797  000.297  000.198: require('mason-lspconfig.api.command')
127.067  000.020  000.020: sourcing nvim_exec2() called at /home/ashu/.config/nvim/init.lua:0
127.089  000.003  000.003: sourcing nvim_exec2() called at /home/ashu/.config/nvim/init.lua:0
128.460  001.361  001.361: require('mini.pairs')
132.863  000.022  000.022: sourcing nvim_exec2() called at /home/ashu/.config/nvim/init.lua:0
132.893  000.002  000.002: sourcing nvim_exec2() called at /home/ashu/.config/nvim/init.lua:0
135.520  002.614  002.614: require('mini.surround')
136.765  000.050  000.050: sourcing /home/ashu/.local/share/nvim/lazy/plenary.nvim/plugin/plenary.vim
136.776  000.116  000.066: sourcing nvim_exec2() called at /home/ashu/.config/nvim/init.lua:0
136.787  000.003  000.003: sourcing nvim_exec2() called at /home/ashu/.config/nvim/init.lua:0
136.809  000.002  000.002: sourcing nvim_exec2() called at /home/ashu/.config/nvim/init.lua:0
137.188  000.004  000.004: sourcing nvim_exec2() called at /home/ashu/.config/nvim/init.lua:0
137.205  000.002  000.002: sourcing nvim_exec2() called at /home/ashu/.config/nvim/init.lua:0
137.819  000.483  000.483: sourcing /home/ashu/.local/share/nvim/lazy/telescope.nvim/plugin/telescope.lua
137.832  000.570  000.087: sourcing nvim_exec2() called at /home/ashu/.config/nvim/init.lua:0
137.847  000.005  000.005: sourcing nvim_exec2() called at /home/ashu/.config/nvim/init.lua:0
137.868  000.002  000.002: sourcing nvim_exec2() called at /home/ashu/.config/nvim/init.lua:0
139.792  000.183  000.183: require('telescope._extensions')
139.815  001.939  001.756: require('telescope')
140.180  000.360  000.360: require('telescope.builtin')
142.485  000.259  000.259: require('plenary.bit')
142.681  000.187  000.187: require('plenary.functional')
142.789  000.912  000.465: require('plenary.path')
142.818  001.410  000.498: require('plenary.strings')
142.941  000.120  000.120: require('telescope.deprecated')
143.692  000.297  000.297: require('plenary.log')
143.847  000.694  000.397: require('telescope.log')
145.378  000.961  000.961: require('plenary.compat')
145.420  001.294  000.333: require('plenary.job')
145.693  000.270  000.270: require('telescope.state')
145.817  001.966  000.402: require('telescope.utils')
145.911  002.967  000.307: require('telescope.sorters')
155.529  014.710  010.213: require('telescope.config')
156.967  000.601  000.601: require('plenary.window.border')
157.046  000.073  000.073: require('plenary.window')
157.111  000.061  000.061: require('plenary.popup.utils')
157.120  001.575  000.840: require('plenary.popup')
157.211  000.088  000.088: require('telescope.pickers.scroller')
157.289  000.075  000.075: require('telescope.actions.state')
157.362  000.071  000.071: require('telescope.actions.utils')
157.521  000.075  000.075: require('telescope.actions.mt')
157.540  000.176  000.100: require('telescope.actions.set')
157.686  000.075  000.075: require('telescope.config.resolve')
157.690  000.147  000.072: require('telescope.pickers.entry_display')
157.751  000.060  000.060: require('telescope.from_entry')
157.976  017.791  000.890: require('telescope.actions')
159.943  000.225  000.225: require('fzf_lib')
159.954  000.417  000.192: require('telescope._extensions.fzf')
160.380  000.021  000.021: sourcing nvim_exec2() called at /home/ashu/.config/nvim/init.lua:0
160.399  000.002  000.002: sourcing nvim_exec2() called at /home/ashu/.config/nvim/init.lua:0
161.326  000.918  000.918: require('mini.ai')
161.824  000.007  000.007: sourcing nvim_exec2() called at /home/ashu/.config/nvim/init.lua:0
161.842  000.002  000.002: sourcing nvim_exec2() called at /home/ashu/.config/nvim/init.lua:0
162.475  000.615  000.615: require('mini.indentscope')
167.266  004.117  004.117: sourcing /opt/neovim/share/nvim/runtime/plugin/editorconfig.lua
167.317  004.244  000.126: sourcing nvim_exec2() called at /home/ashu/.config/nvim/init.lua:0
167.936  000.383  000.383: sourcing /opt/neovim/share/nvim/runtime/plugin/gzip.vim
167.961  000.506  000.122: sourcing nvim_exec2() called at /home/ashu/.config/nvim/init.lua:0
168.306  000.176  000.176: sourcing /opt/neovim/share/nvim/runtime/plugin/man.lua
168.317  000.260  000.084: sourcing nvim_exec2() called at /home/ashu/.config/nvim/init.lua:0
169.731  000.319  000.319: sourcing /opt/neovim/share/nvim/runtime/pack/dist/opt/matchit/plugin/matchit.vim
169.778  001.305  000.986: sourcing /opt/neovim/share/nvim/runtime/plugin/matchit.vim
169.785  001.356  000.051: sourcing nvim_exec2() called at /home/ashu/.config/nvim/init.lua:0
170.066  000.228  000.228: sourcing /opt/neovim/share/nvim/runtime/plugin/matchparen.vim
170.078  000.277  000.049: sourcing nvim_exec2() called at /home/ashu/.config/nvim/init.lua:0
170.171  000.019  000.019: sourcing /opt/neovim/share/nvim/runtime/plugin/netrwPlugin.vim
170.177  000.079  000.060: sourcing nvim_exec2() called at /home/ashu/.config/nvim/init.lua:0
170.330  000.103  000.103: sourcing /opt/neovim/share/nvim/runtime/plugin/osc52.lua
170.337  000.151  000.048: sourcing nvim_exec2() called at /home/ashu/.config/nvim/init.lua:0
170.619  000.234  000.234: sourcing /opt/neovim/share/nvim/runtime/plugin/rplugin.vim
170.626  000.280  000.045: sourcing nvim_exec2() called at /home/ashu/.config/nvim/init.lua:0
170.768  000.092  000.092: sourcing /opt/neovim/share/nvim/runtime/plugin/shada.vim
170.774  000.136  000.044: sourcing nvim_exec2() called at /home/ashu/.config/nvim/init.lua:0
170.857  000.025  000.025: sourcing /opt/neovim/share/nvim/runtime/plugin/spellfile.vim
170.863  000.080  000.054: sourcing nvim_exec2() called at /home/ashu/.config/nvim/init.lua:0
171.034  000.124  000.124: sourcing /opt/neovim/share/nvim/runtime/plugin/tarPlugin.vim
171.040  000.171  000.047: sourcing nvim_exec2() called at /home/ashu/.config/nvim/init.lua:0
171.177  000.081  000.081: sourcing /opt/neovim/share/nvim/runtime/plugin/tohtml.lua
171.183  000.136  000.055: sourcing nvim_exec2() called at /home/ashu/.config/nvim/init.lua:0
171.264  000.031  000.031: sourcing /opt/neovim/share/nvim/runtime/plugin/tutor.vim
171.270  000.078  000.047: sourcing nvim_exec2() called at /home/ashu/.config/nvim/init.lua:0
171.495  000.180  000.180: sourcing /opt/neovim/share/nvim/runtime/plugin/zipPlugin.vim
171.502  000.225  000.045: sourcing nvim_exec2() called at /home/ashu/.config/nvim/init.lua:0
171.955  000.086  000.086: sourcing /home/ashu/.local/share/nvim/lazy/cmp-nvim-lsp/after/plugin/cmp_nvim_lsp.lua
171.964  000.166  000.079: sourcing nvim_exec2() called at /home/ashu/.config/nvim/init.lua:0
172.123  159.104  059.011: require('config.lazy')
172.130  163.440  000.193: require('config')
172.134  163.464  000.024: sourcing /home/ashu/.config/nvim/init.lua
172.150  000.278: sourcing vimrc file(s)
172.890  000.080  000.080: sourcing /opt/neovim/share/nvim/runtime/filetype.lua
173.288  000.091  000.091: sourcing /opt/neovim/share/nvim/runtime/syntax/synload.vim
173.416  000.411  000.319: sourcing /opt/neovim/share/nvim/runtime/syntax/syntax.vim
173.436  000.796: inits 3
176.039  002.603: reading ShaDa
176.295  000.256: opening buffers
176.334  000.039: BufEnter autocommands
176.338  000.004: editing files in windows
176.409  000.071: VimEnter autocommands
176.610  000.201: UIEnter autocommands
696.965  520.119  520.119: sourcing /opt/neovim/share/nvim/runtime/autoload/provider/clipboard.vim
697.014  000.285: before starting main loop
697.872  000.858: first screen update
697.877  000.005: --- NVIM STARTED ---

