--- Startup times for process: Primary (or UI client) ---

times in msec
 clock   self+sourced   self:  sourced script
 clock   elapsed:              other lines

000.001  000.001: --- NVIM STARTING ---
000.551  000.550: event init
000.865  000.314: early init
001.023  000.158: locale set
001.246  000.223: init first window
002.174  000.928: inits 1
002.302  000.128: window checked
002.332  000.030: parsing arguments
003.628  000.091  000.091: require('vim.shared')
003.834  000.084  000.084: require('vim.inspect')
003.961  000.090  000.090: require('vim._options')
003.974  000.340  000.166: require('vim._editor')
004.112  000.136  000.136: require('vim._system')
004.117  000.618  000.051: require('vim._init_packages')
004.120  001.171: init lua interpreter
008.355  004.235: nvim_ui_attach
009.523  001.168: nvim_set_client_info
009.531  000.008: --- NVIM STARTED ---

--- Startup times for process: Embedded ---

times in msec
 clock   self+sourced   self:  sourced script
 clock   elapsed:              other lines

000.001  000.001: --- NVIM STARTING ---
000.651  000.650: event init
001.030  000.379: early init
001.214  000.184: locale set
001.422  000.208: init first window
002.758  001.336: inits 1
002.852  000.094: window checked
002.861  000.009: parsing arguments
004.010  000.099  000.099: require('vim.shared')
004.222  000.083  000.083: require('vim.inspect')
004.326  000.088  000.088: require('vim._options')
004.339  000.323  000.153: require('vim._editor')
004.411  000.070  000.070: require('vim._system')
004.413  000.532  000.040: require('vim._init_packages')
004.415  001.022: init lua interpreter
004.580  000.165: expanding arguments
004.665  000.085: inits 2
005.123  000.458: init highlight
005.125  000.002: waiting for UI
005.437  000.312: done waiting for UI
005.448  000.011: clear screen
005.716  000.020  000.020: require('vim.keymap')
007.270  000.413  000.413: sourcing nvim_exec2()
008.541  001.124  001.124: require('vim.termcap')
008.631  000.066  000.066: require('vim.text')
008.768  003.315  001.692: require('vim._defaults')
008.770  000.007: init default mappings & autocommands
008.916  000.072  000.072: sourcing /opt/neovim/share/nvim/runtime/ftplugin.vim
009.056  000.045  000.045: sourcing /opt/neovim/share/nvim/runtime/indent.vim
009.969  000.656  000.656: require('asish.config.options')
013.912  000.078  000.078: require('vim.F')
014.019  003.318  003.240: require('vim.diagnostic')
014.270  004.296  000.978: require('asish.config.keymaps')
015.452  000.971  000.971: require('lazy')
015.519  000.045  000.045: require('ffi')
015.633  000.065  000.065: require('vim.fs')
015.851  000.214  000.214: require('vim.uri')
015.923  000.400  000.121: require('vim.loader')
016.361  000.394  000.394: require('lazy.stats')
016.774  000.308  000.308: require('lazy.core.util')
017.051  000.271  000.271: require('lazy.core.config')
017.812  000.457  000.457: require('lazy.core.handler')
018.182  000.185  000.185: require('lazy.pkg')
018.190  000.272  000.086: require('lazy.core.meta')
018.199  000.382  000.110: require('lazy.core.plugin')
018.209  001.155  000.315: require('lazy.core.loader')
019.460  000.139  000.139: require('lazy.core.fragments')
028.380  000.213  000.213: require('lazy.core.handler.event')
028.485  000.095  000.095: require('lazy.core.handler.cmd')
028.592  000.103  000.103: require('lazy.core.handler.ft')
028.753  000.156  000.156: require('lazy.core.handler.keys')
031.241  000.415  000.415: sourcing nvim_exec2() called at /opt/neovim/share/nvim/runtime/filetype.lua:0
031.250  000.633  000.217: sourcing /opt/neovim/share/nvim/runtime/filetype.lua
031.257  000.708  000.075: sourcing nvim_exec2() called at /home/ashu/dotfiles/.config/nvim/init.lua:0
031.509  000.004  000.004: sourcing nvim_exec2() called at /home/ashu/dotfiles/.config/nvim/init.lua:0
031.547  000.002  000.002: sourcing nvim_exec2() called at /home/ashu/dotfiles/.config/nvim/init.lua:0
032.797  000.208  000.208: require('tokyonight.config')
032.804  001.251  001.043: require('tokyonight')
035.268  000.181  000.181: require('tokyonight.theme')
035.828  000.165  000.165: require('tokyonight.util')
035.841  000.341  000.176: require('tokyonight.colors')
036.304  000.217  000.217: require('tokyonight.colors.storm')
036.801  000.217  000.217: require('tokyonight.hsluv')
037.400  000.155  000.155: require('tokyonight.groups')
039.332  004.469  003.359: sourcing /home/ashu/.local/share/nvim/lazy/tokyonight.nvim/colors/tokyonight.lua
039.347  006.104  001.636: sourcing nvim_exec2() called at /home/ashu/dotfiles/.config/nvim/init.lua:0
039.365  000.011  000.011: sourcing nvim_exec2() called at /home/ashu/dotfiles/.config/nvim/init.lua:0
039.563  000.005  000.005: sourcing nvim_exec2() called at /home/ashu/dotfiles/.config/nvim/init.lua:0
039.583  000.002  000.002: sourcing nvim_exec2() called at /home/ashu/dotfiles/.config/nvim/init.lua:0
041.035  000.090  000.090: require('nvim-treesitter.utils')
043.574  000.240  000.240: require('vim.treesitter.language')
043.682  000.101  000.101: require('vim.func')
043.801  000.115  000.115: require('vim.treesitter._range')
043.923  000.107  000.107: require('vim.func._memoize')
043.979  001.287  000.723: require('vim.treesitter.query')
044.127  001.745  000.459: require('vim.treesitter.languagetree')
044.154  002.046  000.300: require('vim.treesitter')
045.487  004.445  002.399: require('nvim-treesitter.parsers')
046.148  000.116  000.116: require('nvim-treesitter.compat')
046.800  000.478  000.478: require('nvim-treesitter.ts_utils')
046.816  000.664  000.186: require('nvim-treesitter.tsrange')
047.128  000.309  000.309: require('nvim-treesitter.caching')
047.253  001.390  000.301: require('nvim-treesitter.query')
047.340  001.701  000.311: require('nvim-treesitter.configs')
047.353  001.861  000.160: require('nvim-treesitter.info')
047.640  000.284  000.284: require('nvim-treesitter.shell_command_selectors')
047.679  006.921  000.241: require('nvim-treesitter.install')
047.790  000.108  000.108: require('nvim-treesitter.statusline')
047.962  000.169  000.169: require('nvim-treesitter.query_predicates')
047.969  007.729  000.531: require('nvim-treesitter')
048.112  000.134  000.134: require('vim.iter')
049.249  009.080  001.217: sourcing /home/ashu/.local/share/nvim/lazy/nvim-treesitter/plugin/nvim-treesitter.lua
049.261  009.155  000.075: sourcing nvim_exec2() called at /home/ashu/dotfiles/.config/nvim/init.lua:0
049.275  000.004  000.004: sourcing nvim_exec2() called at /home/ashu/dotfiles/.config/nvim/init.lua:0
049.302  000.002  000.002: sourcing nvim_exec2() called at /home/ashu/dotfiles/.config/nvim/init.lua:0
052.624  000.102  000.102: require('nvim-treesitter.indent')
052.944  000.095  000.095: require('nvim-treesitter.highlight')
053.232  000.116  000.116: require('nvim-treesitter.locals')
053.242  000.258  000.142: require('nvim-treesitter.incremental_selection')
053.421  000.059  000.059: sourcing /home/ashu/.local/share/nvim/lazy/nvim-colorizer.lua/plugin/colorizer.lua
053.429  000.131  000.072: sourcing nvim_exec2() called at /home/ashu/dotfiles/.config/nvim/init.lua:0
053.500  000.005  000.005: sourcing nvim_exec2() called at /home/ashu/dotfiles/.config/nvim/init.lua:0
053.534  000.002  000.002: sourcing nvim_exec2() called at /home/ashu/dotfiles/.config/nvim/init.lua:0
053.790  000.058  000.058: require('colorizer.color')
053.851  000.058  000.058: require('colorizer.constants')
054.072  000.107  000.107: require('colorizer.trie')
054.509  000.335  000.335: require('colorizer.utils')
054.518  000.439  000.105: require('colorizer.parser.names')
054.598  000.078  000.078: require('colorizer.parser.argb_hex')
054.663  000.063  000.063: require('colorizer.parser.hsl')
054.720  000.055  000.055: require('colorizer.parser.rgb')
054.779  000.057  000.057: require('colorizer.parser.rgba_hex')
054.835  000.053  000.053: require('colorizer.parser.oklch')
054.901  000.064  000.064: require('colorizer.sass')
055.370  000.467  000.467: require('colorizer.parser.xterm')
055.378  001.525  000.142: require('colorizer.matcher')
055.472  000.091  000.091: require('colorizer.tailwind')
055.507  001.848  000.117: require('colorizer.buffer')
055.634  000.125  000.125: require('colorizer.config')
055.647  002.101  000.129: require('colorizer')
056.254  000.007  000.007: sourcing nvim_exec2() called at /home/ashu/dotfiles/.config/nvim/init.lua:0
056.307  000.002  000.002: sourcing nvim_exec2() called at /home/ashu/dotfiles/.config/nvim/init.lua:0
056.426  000.777  000.767: require('tailwindcss-colorizer-cmp')
056.898  000.136  000.136: require('colorizer.usercmds')
057.989  000.066  000.066: sourcing /home/ashu/.local/share/nvim/lazy/nvim-web-devicons/plugin/nvim-web-devicons.vim
058.000  000.260  000.194: sourcing nvim_exec2() called at /home/ashu/dotfiles/.config/nvim/init.lua:0
058.013  000.003  000.003: sourcing nvim_exec2() called at /home/ashu/dotfiles/.config/nvim/init.lua:0
058.039  000.002  000.002: sourcing nvim_exec2() called at /home/ashu/dotfiles/.config/nvim/init.lua:0
058.085  000.002  000.002: sourcing nvim_exec2() called at /home/ashu/dotfiles/.config/nvim/init.lua:0
058.175  000.002  000.002: sourcing nvim_exec2() called at /home/ashu/dotfiles/.config/nvim/init.lua:0
059.632  000.141  000.141: require('nvim-tree.log')
060.080  000.100  000.100: require('nvim-tree.notify')
060.094  000.212  000.111: require('nvim-tree.events')
060.305  000.208  000.208: require('nvim-tree.utils')
060.333  000.695  000.275: require('nvim-tree.view')
060.767  000.094  000.094: require('nvim-tree.core')
061.012  000.125  000.125: require('nvim-tree.git.utils')
061.089  000.074  000.074: require('nvim-tree.renderer.components.devicons')
061.280  000.076  000.076: require('nvim-tree.classic')
061.294  000.202  000.126: require('nvim-tree.node')
061.302  000.529  000.128: require('nvim-tree.node.directory')
061.397  000.094  000.094: require('nvim-tree.iterators.node-iterator')
061.401  000.825  000.108: require('nvim-tree.actions.finders.find-file')
061.494  000.091  000.091: require('nvim-tree.actions.finders.search-node')
061.496  001.065  000.149: require('nvim-tree.actions.finders')
061.772  000.104  000.104: require('nvim-tree.node.file')
061.777  000.194  000.089: require('nvim-tree.actions.fs.create-file')
061.991  000.100  000.100: require('nvim-tree.lib')
062.155  000.069  000.069: require('nvim-tree.node.link')
062.228  000.234  000.165: require('nvim-tree.node.directory-link')
062.234  000.455  000.121: require('nvim-tree.actions.fs.remove-file')
062.374  000.138  000.138: require('nvim-tree.actions.fs.rename-file')
062.590  000.213  000.213: require('nvim-tree.actions.fs.trash')
062.605  001.107  000.107: require('nvim-tree.actions.fs')
063.094  000.239  000.239: require('nvim-tree.diagnostics')
063.101  000.358  000.118: require('nvim-tree.actions.moves.item')
063.223  000.120  000.120: require('nvim-tree.actions.moves.parent')
063.308  000.082  000.082: require('nvim-tree.actions.moves.sibling')
063.311  000.703  000.144: require('nvim-tree.actions.moves')
063.545  000.149  000.149: require('nvim-tree.actions.node.file-popup')
064.002  000.195  000.195: require('nvim-tree.renderer.components.full-name')
064.016  000.468  000.272: require('nvim-tree.actions.node.open-file')
064.113  000.094  000.094: require('nvim-tree.actions.node.run-command')
064.241  000.125  000.125: require('nvim-tree.actions.node.system-open')
064.341  000.097  000.097: require('nvim-tree.actions.node.buffer')
064.345  001.031  000.098: require('nvim-tree.actions.node')
064.645  000.194  000.194: require('nvim-tree.actions.root.change-dir')
064.752  000.102  000.102: require('nvim-tree.actions.root.dir-up')
064.756  000.410  000.114: require('nvim-tree.actions.root')
064.983  000.112  000.112: require('nvim-tree.actions.tree.find-file')
065.653  000.122  000.122: require('nvim-tree.actions.tree.modifiers.collapse')
065.761  000.104  000.104: require('nvim-tree.actions.tree.modifiers.expand')
065.764  000.778  000.552: require('nvim-tree.actions.tree.modifiers')
065.865  000.099  000.099: require('nvim-tree.actions.tree.open')
065.947  000.078  000.078: require('nvim-tree.actions.tree.toggle')
066.022  000.073  000.073: require('nvim-tree.actions.tree.resize')
066.032  001.274  000.134: require('nvim-tree.actions.tree')
066.035  005.700  000.110: require('nvim-tree.actions')
066.114  007.933  001.397: require('nvim-tree')
066.252  000.116  000.116: require('nvim-tree.legacy')
066.613  000.032  000.032: sourcing nvim_exec2() called at /home/ashu/dotfiles/.config/nvim/init.lua:0
066.632  000.010  000.010: sourcing nvim_exec2() called at /home/ashu/dotfiles/.config/nvim/init.lua:0
066.876  000.210  000.210: require('nvim-tree.keymap')
067.318  000.438  000.438: require('nvim-tree.appearance')
068.954  000.229  000.229: require('nvim-tree.buffers')
069.338  000.184  000.184: require('nvim-tree.git.runner')
069.506  000.164  000.164: require('nvim-tree.watcher')
069.517  000.557  000.208: require('nvim-tree.git')
069.807  000.181  000.181: require('nvim-tree.node.file-link')
069.812  000.293  000.112: require('nvim-tree.node.factory')
070.001  000.186  000.186: require('nvim-tree.node.root')
070.355  000.172  000.172: require('nvim-tree.enum')
070.370  000.365  000.194: require('nvim-tree.explorer.filters')
070.653  000.281  000.281: require('nvim-tree.marks')
070.995  000.340  000.340: require('nvim-tree.explorer.live-filter')
071.553  000.554  000.554: require('nvim-tree.explorer.sorter')
071.914  000.355  000.355: require('nvim-tree.actions.fs.clipboard')
072.317  000.073  000.073: require('nvim-tree.renderer.decorator')
072.325  000.151  000.078: require('nvim-tree.renderer.decorator.bookmarks')
072.417  000.090  000.090: require('nvim-tree.renderer.decorator.copied')
072.560  000.140  000.140: require('nvim-tree.renderer.decorator.cut')
072.695  000.132  000.132: require('nvim-tree.renderer.decorator.diagnostics')
072.884  000.185  000.185: require('nvim-tree.renderer.decorator.git')
072.999  000.112  000.112: require('nvim-tree.renderer.decorator.hidden')
073.079  000.076  000.076: require('nvim-tree.renderer.decorator.modified')
073.195  000.114  000.114: require('nvim-tree.renderer.decorator.opened')
073.265  000.066  000.066: require('nvim-tree.renderer.decorator.user')
073.380  000.112  000.112: require('nvim-tree.renderer.components.padding')
073.406  001.327  000.148: require('nvim-tree.renderer.builder')
073.414  001.496  000.169: require('nvim-tree.renderer')
073.426  005.031  000.375: require('nvim-tree.explorer')
073.538  000.110  000.110: require('nvim-tree.explorer.watch')
073.623  000.074  000.074: require('nvim-tree.renderer.components')
073.851  000.113  000.113: require('nvim-web-devicons.filetypes')
074.180  000.250  000.250: require('nvim-web-devicons.default.icons_by_filename')
075.039  000.853  000.853: require('nvim-web-devicons.default.icons_by_file_extension')
075.214  000.169  000.169: require('nvim-web-devicons.default.icons_by_operating_system')
075.297  000.071  000.071: require('nvim-web-devicons.default.icons_by_desktop_environment')
075.368  000.068  000.068: require('nvim-web-devicons.default.icons_by_window_manager')
075.370  001.501  000.091: require('nvim-web-devicons.icons-default')
075.829  002.202  000.588: require('nvim-web-devicons')
082.150  000.149  000.149: require('nvim-tree.help')
082.385  000.108  000.108: require('nvim-tree.appearance.hi-test')
082.469  000.311  000.203: require('nvim-tree.api')
082.697  000.100  000.100: require('nvim-tree.commands')
083.402  000.039  000.039: sourcing /home/ashu/.local/share/nvim/lazy/zen-mode.nvim/plugin/zen-mode.vim
083.448  000.176  000.137: sourcing nvim_exec2() called at /home/ashu/dotfiles/.config/nvim/init.lua:0
083.466  000.005  000.005: sourcing nvim_exec2() called at /home/ashu/dotfiles/.config/nvim/init.lua:0
083.495  000.002  000.002: sourcing nvim_exec2() called at /home/ashu/dotfiles/.config/nvim/init.lua:0
084.759  000.062  000.062: require('zen-mode.util')
084.768  000.171  000.109: require('zen-mode.config')
084.933  000.086  000.086: require('zen-mode.plugins')
084.940  000.170  000.083: require('zen-mode.view')
084.943  001.442  001.101: require('zen-mode')
084.969  000.009  000.009: sourcing nvim_exec2() called at /home/ashu/dotfiles/.config/nvim/init.lua:0
084.983  000.009  000.009: sourcing nvim_exec2() called at /home/ashu/dotfiles/.config/nvim/init.lua:0
085.634  000.357  000.357: sourcing /home/ashu/.local/share/nvim/lazy/undotree/plugin/undotree.vim
085.646  000.437  000.080: sourcing nvim_exec2() called at /home/ashu/dotfiles/.config/nvim/init.lua:0
085.660  000.003  000.003: sourcing nvim_exec2() called at /home/ashu/dotfiles/.config/nvim/init.lua:0
085.688  000.002  000.002: sourcing nvim_exec2() called at /home/ashu/dotfiles/.config/nvim/init.lua:0
086.613  000.105  000.105: sourcing /home/ashu/.local/share/nvim/lazy/nvim-ts-context-commentstring/plugin/ts_context_commentstring.lua
086.623  000.179  000.074: sourcing nvim_exec2() called at /home/ashu/dotfiles/.config/nvim/init.lua:0
086.633  000.003  000.003: sourcing nvim_exec2() called at /home/ashu/dotfiles/.config/nvim/init.lua:0
086.654  000.002  000.002: sourcing nvim_exec2() called at /home/ashu/dotfiles/.config/nvim/init.lua:0
086.732  000.003  000.003: sourcing nvim_exec2() called at /home/ashu/dotfiles/.config/nvim/init.lua:0
086.761  000.002  000.002: sourcing nvim_exec2() called at /home/ashu/dotfiles/.config/nvim/init.lua:0
087.803  001.036  001.036: require('ts_context_commentstring')
087.899  000.090  000.090: require('ts_context_commentstring.config')
088.228  000.317  000.317: require('mini.comment')
088.865  000.129  000.129: sourcing /home/ashu/.local/share/nvim/lazy/vim-tmux-navigator/plugin/tmux_navigator.vim
088.875  000.205  000.076: sourcing nvim_exec2() called at /home/ashu/dotfiles/.config/nvim/init.lua:0
088.886  000.003  000.003: sourcing nvim_exec2() called at /home/ashu/dotfiles/.config/nvim/init.lua:0
088.910  000.002  000.002: sourcing nvim_exec2() called at /home/ashu/dotfiles/.config/nvim/init.lua:0
089.313  000.004  000.004: sourcing nvim_exec2() called at /home/ashu/dotfiles/.config/nvim/init.lua:0
089.331  000.002  000.002: sourcing nvim_exec2() called at /home/ashu/dotfiles/.config/nvim/init.lua:0
090.997  000.181  000.181: require('auto-session.config')
091.005  000.267  000.086: require('auto-session.logger')
091.054  000.519  000.251: require('auto-session.lib')
091.075  001.739  001.220: require('auto-session')
092.505  000.194  000.194: require('auto-session.autocmds')
092.911  000.280  000.280: require('auto-session.pickers.telescope')
093.312  000.009  000.009: sourcing nvim_exec2() called at /home/ashu/dotfiles/.config/nvim/init.lua:0
093.343  000.004  000.004: sourcing nvim_exec2() called at /home/ashu/dotfiles/.config/nvim/init.lua:0
094.844  000.158  000.158: sourcing /home/ashu/.local/share/nvim/lazy/mason-tool-installer.nvim/plugin/mason-tool-installer.lua
094.855  000.269  000.111: sourcing nvim_exec2() called at /home/ashu/dotfiles/.config/nvim/init.lua:0
094.867  000.004  000.004: sourcing nvim_exec2() called at /home/ashu/dotfiles/.config/nvim/init.lua:0
094.931  000.006  000.006: sourcing nvim_exec2() called at /home/ashu/dotfiles/.config/nvim/init.lua:0
095.790  000.007  000.007: sourcing nvim_exec2() called at /home/ashu/dotfiles/.config/nvim/init.lua:0
095.815  000.002  000.002: sourcing nvim_exec2() called at /home/ashu/dotfiles/.config/nvim/init.lua:0
096.943  000.114  000.114: require('mason-core.path')
097.515  000.104  000.104: require('mason-core.functional.data')
097.739  000.181  000.181: require('mason-core.functional.function')
097.957  000.201  000.201: require('mason-core.functional.list')
098.092  000.113  000.113: require('mason-core.functional.relation')
098.205  000.107  000.107: require('mason-core.functional.logic')
098.316  000.106  000.106: require('mason-core.functional.number')
098.484  000.144  000.144: require('mason-core.functional.string')
098.697  000.137  000.137: require('mason-core.functional.table')
098.791  000.087  000.087: require('mason-core.functional.type')
098.803  001.628  000.448: require('mason-core.functional')
098.896  001.948  000.320: require('mason-core.platform')
099.118  000.219  000.219: require('mason.settings')
099.128  002.416  000.135: require('mason-core.installer.InstallLocation')
099.763  000.322  000.322: require('mason-core.log')
099.771  000.455  000.133: require('mason-core.EventEmitter')
099.991  000.217  000.217: require('mason-registry.sources')
100.000  000.870  000.198: require('mason-registry')
100.003  003.953  000.667: require('mason')
100.577  000.298  000.298: require('mason.api.command')
100.743  000.008  000.008: sourcing nvim_exec2() called at /home/ashu/dotfiles/.config/nvim/init.lua:0
100.765  000.002  000.002: sourcing nvim_exec2() called at /home/ashu/dotfiles/.config/nvim/init.lua:0
101.301  000.005  000.005: sourcing nvim_exec2() called at /home/ashu/dotfiles/.config/nvim/init.lua:0
101.323  000.002  000.002: sourcing nvim_exec2() called at /home/ashu/dotfiles/.config/nvim/init.lua:0
103.648  000.084  000.084: sourcing /home/ashu/.local/share/nvim/lazy/plenary.nvim/plugin/plenary.vim
103.661  000.162  000.078: sourcing nvim_exec2() called at /home/ashu/dotfiles/.config/nvim/init.lua:0
103.674  000.003  000.003: sourcing nvim_exec2() called at /home/ashu/dotfiles/.config/nvim/init.lua:0
103.707  000.002  000.002: sourcing nvim_exec2() called at /home/ashu/dotfiles/.config/nvim/init.lua:0
104.988  000.214  000.214: require('plenary.bit')
105.160  000.166  000.166: require('plenary.functional')
105.238  001.364  000.984: require('plenary.path')
105.503  002.709  001.177: require('plenary.log')
105.551  002.888  000.179: require('lsp-file-operations.log')
105.558  003.941  001.053: require('lsp-file-operations')
108.493  000.010  000.010: sourcing nvim_exec2() called at /home/ashu/dotfiles/.config/nvim/init.lua:0
108.529  000.004  000.004: sourcing nvim_exec2() called at /home/ashu/dotfiles/.config/nvim/init.lua:0
112.452  002.624  002.624: require('vim.lsp.protocol')
112.566  003.152  000.528: require('vim.lsp.log')
114.930  002.354  002.354: require('vim.lsp.util')
115.624  000.083  000.083: require('vim.lsp.sync')
115.636  000.686  000.603: require('vim.lsp._changetracking')
115.909  000.101  000.101: require('vim.lsp._transport')
116.006  000.006  000.006: require('string.buffer')
116.010  000.086  000.079: require('vim._stringbuffer')
116.023  000.382  000.196: require('vim.lsp.rpc')
116.193  007.277  000.703: require('vim.lsp')
116.500  000.304  000.304: require('lspconfig.util')
116.539  007.849  000.268: sourcing /home/ashu/.local/share/nvim/lazy/nvim-lspconfig/plugin/lspconfig.lua
116.550  007.947  000.098: sourcing nvim_exec2() called at /home/ashu/dotfiles/.config/nvim/init.lua:0
116.566  000.006  000.006: sourcing nvim_exec2() called at /home/ashu/dotfiles/.config/nvim/init.lua:0
116.592  000.002  000.002: sourcing nvim_exec2() called at /home/ashu/dotfiles/.config/nvim/init.lua:0
117.021  000.090  000.090: require('cmp_nvim_lsp.source')
117.028  000.203  000.113: require('cmp_nvim_lsp')
117.541  000.081  000.081: require('mason.version')
117.558  000.294  000.214: require('mason-tool-installer')
118.501  000.074  000.074: require('mason-lspconfig.settings')
118.509  000.767  000.693: require('mason-lspconfig')
119.414  000.116  000.116: require('mason-core.async')
119.603  000.101  000.101: require('mason-core.async.control')
119.688  000.082  000.082: require('mason-core.result')
119.902  000.070  000.070: require('mason-core.async.uv')
119.915  000.223  000.153: require('mason-core.fs')
119.965  000.545  000.139: require('mason-registry.installer')
120.233  000.072  000.072: require('mason-core.optional')
120.498  000.123  000.123: require('mason-core.process')
120.585  000.084  000.084: require('mason-core.spawn')
120.591  000.282  000.074: require('mason-core.installer.managers.powershell')
120.595  000.359  000.077: require('mason-core.fetch')
120.659  000.062  000.062: require('mason-core.providers')
121.006  000.126  000.126: require('mason-core.purl')
121.018  000.213  000.087: require('mason-core.package.AbstractPackage')
121.354  000.077  000.077: require('mason-core.installer.compiler.expr')
121.365  000.174  000.097: require('mason-core.installer.compiler.link')
121.777  000.109  000.109: require('mason-core.installer.context.InstallContextCwd')
121.882  000.099  000.099: require('mason-core.installer.context.InstallContextFs')
121.957  000.071  000.071: require('mason-core.installer.context.InstallContextSpawn')
122.166  000.203  000.203: require('mason-core.receipt')
122.199  000.619  000.137: require('mason-core.installer.context')
122.202  000.683  000.064: require('mason-core.installer')
122.224  000.790  000.107: require('mason-core.installer.managers.std')
122.227  000.860  000.070: require('mason-core.installer.compiler.schemas')
122.333  000.104  000.104: require('mason-core.installer.compiler.util')
122.346  001.244  000.107: require('mason-core.installer.compiler')
122.459  000.110  000.110: require('mason-core.installer.linker')
122.466  001.446  000.092: require('mason-core.installer.InstallRunner')
122.540  000.072  000.072: require('mason-core.installer.UninstallRunner')
122.549  001.829  000.098: require('mason-core.package')
122.553  001.892  000.063: require('mason-registry.sources.util')
122.636  002.569  000.185: require('mason-registry.sources.github')
130.102  000.073  000.073: require('mason-lspconfig.mappings')
130.110  000.188  000.115: require('mason-lspconfig.features.automatic_enable')
147.893  000.104  000.104: require('mason-lspconfig.notify')
147.978  000.361  000.257: require('mason-lspconfig.api.command')
148.548  000.114  000.114: sourcing /opt/neovim/share/nvim/runtime/plugin/editorconfig.lua
148.559  000.188  000.074: sourcing nvim_exec2() called at /home/ashu/dotfiles/.config/nvim/init.lua:0
148.801  000.179  000.179: sourcing /opt/neovim/share/nvim/runtime/plugin/man.lua
148.811  000.238  000.060: sourcing nvim_exec2() called at /home/ashu/dotfiles/.config/nvim/init.lua:0
150.327  000.326  000.326: sourcing /opt/neovim/share/nvim/runtime/pack/dist/opt/matchit/plugin/matchit.vim
150.381  001.506  001.180: sourcing /opt/neovim/share/nvim/runtime/plugin/matchit.vim
150.388  001.565  000.059: sourcing nvim_exec2() called at /home/ashu/dotfiles/.config/nvim/init.lua:0
150.654  000.187  000.187: sourcing /opt/neovim/share/nvim/runtime/plugin/matchparen.vim
150.662  000.251  000.063: sourcing nvim_exec2() called at /home/ashu/dotfiles/.config/nvim/init.lua:0
150.863  000.128  000.128: sourcing /opt/neovim/share/nvim/runtime/plugin/nvim/net.lua
150.871  000.198  000.070: sourcing nvim_exec2() called at /home/ashu/dotfiles/.config/nvim/init.lua:0
151.085  000.145  000.145: sourcing /opt/neovim/share/nvim/runtime/plugin/nvim/spellfile.lua
151.094  000.214  000.069: sourcing nvim_exec2() called at /home/ashu/dotfiles/.config/nvim/init.lua:0
151.290  000.124  000.124: sourcing /opt/neovim/share/nvim/runtime/plugin/osc52.lua
151.298  000.193  000.069: sourcing nvim_exec2() called at /home/ashu/dotfiles/.config/nvim/init.lua:0
151.610  000.248  000.248: sourcing /opt/neovim/share/nvim/runtime/plugin/rplugin.vim
151.618  000.312  000.064: sourcing nvim_exec2() called at /home/ashu/dotfiles/.config/nvim/init.lua:0
151.873  000.182  000.182: sourcing /opt/neovim/share/nvim/runtime/plugin/shada.lua
151.881  000.247  000.065: sourcing nvim_exec2() called at /home/ashu/dotfiles/.config/nvim/init.lua:0
152.427  000.105  000.105: sourcing /home/ashu/.local/share/nvim/lazy/cmp-nvim-lsp/after/plugin/cmp_nvim_lsp.lua
152.438  000.217  000.113: sourcing nvim_exec2() called at /home/ashu/dotfiles/.config/nvim/init.lua:0
152.534  138.259  064.874: require('asish.config.lazy')
152.538  143.304  000.092: require('asish.config')
152.541  143.341  000.038: sourcing /home/ashu/.config/nvim/init.lua
152.557  000.329: sourcing vimrc file(s)
153.566  000.108  000.108: sourcing /opt/neovim/share/nvim/runtime/filetype.lua
154.449  000.133  000.133: sourcing /opt/neovim/share/nvim/runtime/syntax/synload.vim
154.677  000.931  000.798: sourcing /opt/neovim/share/nvim/runtime/syntax/syntax.vim
154.715  001.119: inits 3
159.568  004.853: reading ShaDa
159.932  000.365: opening buffers
159.955  000.022: BufEnter autocommands
159.958  000.003: editing files in windows
161.039  000.007  000.007: sourcing nvim_exec2() called at VimEnter Autocommands for "*":0
161.066  000.002  000.002: sourcing nvim_exec2() called at VimEnter Autocommands for "*":0
161.776  000.516  000.516: sourcing /home/ashu/.local/share/nvim/lazy/telescope.nvim/plugin/telescope.lua
161.787  000.622  000.106: sourcing nvim_exec2() called at VimEnter Autocommands for "*":0
161.803  000.007  000.007: sourcing nvim_exec2() called at VimEnter Autocommands for "*":0
161.830  000.002  000.002: sourcing nvim_exec2() called at VimEnter Autocommands for "*":0
163.291  000.175  000.175: require('telescope._extensions')
163.306  001.455  001.280: require('telescope')
163.667  000.358  000.358: require('telescope.builtin')
165.173  000.407  000.407: require('plenary.strings')
165.325  000.146  000.146: require('telescope.deprecated')
165.881  000.297  000.297: require('telescope.log')
166.659  000.154  000.154: require('plenary.compat')
166.687  000.467  000.313: require('plenary.job')
166.840  000.150  000.150: require('telescope.state')
166.873  000.988  000.371: require('telescope.utils')
166.893  001.565  000.281: require('telescope.sorters')
170.839  006.606  004.488: require('telescope.config')
171.379  000.243  000.243: require('plenary.window.border')
171.517  000.133  000.133: require('plenary.window')
171.618  000.098  000.098: require('plenary.popup.utils')
171.626  000.779  000.306: require('plenary.popup')
171.780  000.153  000.153: require('telescope.pickers.scroller')
171.933  000.149  000.149: require('telescope.actions.state')
172.096  000.160  000.160: require('telescope.actions.utils')
172.456  000.190  000.190: require('telescope.actions.mt')
172.508  000.409  000.219: require('telescope.actions.set')
172.934  000.274  000.274: require('telescope.config.resolve')
172.942  000.431  000.157: require('telescope.pickers.entry_display')
173.177  000.233  000.233: require('telescope.from_entry')
174.660  010.989  002.067: require('telescope.actions')
179.284  000.605  000.605: require('fzf_lib')
179.307  000.941  000.336: require('telescope._extensions.fzf')
180.425  000.096  000.096: require('lazy.util')
180.433  000.286  000.190: require('lazy.view.diff')
180.634  000.109  000.109: require('lazy.view.config')
180.643  000.208  000.099: require('lazy.view.float')
180.885  000.079  000.079: require('lazy.async')
180.893  000.164  000.085: require('lazy.manage.process')
180.965  000.070  000.070: require('lazy.manage.semver')
180.972  000.327  000.093: require('lazy.manage.git')
181.258  000.108  000.108: require('lazy.view.sections')
181.344  000.079  000.079: require('lazy.view.text')
181.355  000.381  000.194: require('lazy.view.render')
181.362  001.548  000.346: require('lazy.view')
181.553  005.663: VimEnter autocommands
181.663  000.110: UIEnter autocommands
182.387  000.407  000.407: sourcing /opt/neovim/share/nvim/runtime/autoload/provider/clipboard.vim
182.400  000.329: before starting main loop
183.268  000.868: first screen update
183.273  000.005: --- NVIM STARTED ---
